[    0.000000] Initializing cgroup subsys cpuset
[    0.000000] Initializing cgroup subsys cpu
[    0.000000] Initializing cgroup subsys cpuacct
[    0.000000] Linux version 4.4.0-146-generic (buildd@lcy01-amd64-025) (gcc version 5.4.0 20160609 (Ubuntu 5.4.0-6ubuntu1~16.04.10) ) #172-Ubuntu SMP Wed Apr 3 09:00:08 UTC 2019 (Ubuntu 4.4.0-146.172-generic 4.4.177)
[    0.000000] Command line: BOOT_IMAGE=/boot/vmlinuz-4.4.0-146-generic root=LABEL=cloudimg-rootfs ro console=tty1 console=ttyS0
[    0.000000] KERNEL supported cpus:
[    0.000000]   Intel GenuineIntel
[    0.000000]   AMD AuthenticAMD
[    0.000000]   Centaur CentaurHauls
[    0.000000] x86/fpu: xstate_offset[2]:  576, xstate_sizes[2]:  256
[    0.000000] x86/fpu: Supporting XSAVE feature 0x01: 'x87 floating point registers'
[    0.000000] x86/fpu: Supporting XSAVE feature 0x02: 'SSE registers'
[    0.000000] x86/fpu: Supporting XSAVE feature 0x04: 'AVX registers'
[    0.000000] x86/fpu: Enabled xstate features 0x7, context size is 832 bytes, using 'standard' format.
[    0.000000] e820: BIOS-provided physical RAM map:
[    0.000000] BIOS-e820: [mem 0x0000000000000000-0x000000000009fbff] usable
[    0.000000] BIOS-e820: [mem 0x000000000009fc00-0x000000000009ffff] reserved
[    0.000000] BIOS-e820: [mem 0x00000000000f0000-0x00000000000fffff] reserved
[    0.000000] BIOS-e820: [mem 0x0000000000100000-0x000000003ffeffff] usable
[    0.000000] BIOS-e820: [mem 0x000000003fff0000-0x000000003fffffff] ACPI data
[    0.000000] BIOS-e820: [mem 0x00000000fec00000-0x00000000fec00fff] reserved
[    0.000000] BIOS-e820: [mem 0x00000000fee00000-0x00000000fee00fff] reserved
[    0.000000] BIOS-e820: [mem 0x00000000fffc0000-0x00000000ffffffff] reserved
[    0.000000] NX (Execute Disable) protection: active
[    0.000000] SMBIOS 2.5 present.
[    0.000000] Hypervisor detected: KVM
[    0.000000] e820: last_pfn = 0x3fff0 max_arch_pfn = 0x400000000
[    0.000000] MTRR: Disabled
[    0.000000] x86/PAT: MTRRs disabled, skipping PAT initialization too.
[    0.000000] CPU MTRRs all blank - virtualized system.
[    0.000000] x86/PAT: Configuration [0-7]: WB  WT  UC- UC  WB  WT  UC- UC  
[    0.000000] found SMP MP-table at [mem 0x0009fff0-0x0009ffff] mapped at [ffff88000009fff0]
[    0.000000] Scanning 1 areas for low memory corruption
[    0.000000] RAMDISK: [mem 0x362fa000-0x37174fff]
[    0.000000] ACPI: Early table checksum verification disabled
[    0.000000] ACPI: RSDP 0x00000000000E0000 000024 (v02 VBOX  )
[    0.000000] ACPI: XSDT 0x000000003FFF0030 00003C (v01 VBOX   VBOXXSDT 00000001 ASL  00000061)
[    0.000000] ACPI: FACP 0x000000003FFF00F0 0000F4 (v04 VBOX   VBOXFACP 00000001 ASL  00000061)
[    0.000000] ACPI: DSDT 0x000000003FFF0470 0022EA (v02 VBOX   VBOXBIOS 00000002 INTL 20100528)
[    0.000000] ACPI: FACS 0x000000003FFF0200 000040
[    0.000000] ACPI: FACS 0x000000003FFF0200 000040
[    0.000000] ACPI: APIC 0x000000003FFF0240 00005C (v02 VBOX   VBOXAPIC 00000001 ASL  00000061)
[    0.000000] ACPI: SSDT 0x000000003FFF02A0 0001CC (v01 VBOX   VBOXCPUT 00000002 INTL 20100528)
[    0.000000] No NUMA configuration found
[    0.000000] Faking a node at [mem 0x0000000000000000-0x000000003ffeffff]
[    0.000000] NODE_DATA(0) allocated [mem 0x3ffeb000-0x3ffeffff]
[    0.000000] kvm-clock: Using msrs 4b564d01 and 4b564d00
[    0.000000] kvm-clock: cpu 0, msr 0:3ffe3001, primary cpu clock
[    0.000000] kvm-clock: using sched offset of 4078683251 cycles
[    0.000000] clocksource: kvm-clock: mask: 0xffffffffffffffff max_cycles: 0x1cd42e4dffb, max_idle_ns: 881590591483 ns
[    0.000000] Zone ranges:
[    0.000000]   DMA      [mem 0x0000000000001000-0x0000000000ffffff]
[    0.000000]   DMA32    [mem 0x0000000001000000-0x000000003ffeffff]
[    0.000000]   Normal   empty
[    0.000000]   Device   empty
[    0.000000] Movable zone start for each node
[    0.000000] Early memory node ranges
[    0.000000]   node   0: [mem 0x0000000000001000-0x000000000009efff]
[    0.000000]   node   0: [mem 0x0000000000100000-0x000000003ffeffff]
[    0.000000] Initmem setup node 0 [mem 0x0000000000001000-0x000000003ffeffff]
[    0.000000] ACPI: PM-Timer IO Port: 0x4008
[    0.000000] IOAPIC[0]: apic_id 2, version 32, address 0xfec00000, GSI 0-23
[    0.000000] ACPI: INT_SRC_OVR (bus 0 bus_irq 0 global_irq 2 dfl dfl)
[    0.000000] ACPI: INT_SRC_OVR (bus 0 bus_irq 9 global_irq 9 low level)
[    0.000000] Using ACPI (MADT) for SMP configuration information
[    0.000000] smpboot: Allowing 2 CPUs, 0 hotplug CPUs
[    0.000000] PM: Registered nosave memory: [mem 0x00000000-0x00000fff]
[    0.000000] PM: Registered nosave memory: [mem 0x0009f000-0x0009ffff]
[    0.000000] PM: Registered nosave memory: [mem 0x000a0000-0x000effff]
[    0.000000] PM: Registered nosave memory: [mem 0x000f0000-0x000fffff]
[    0.000000] e820: [mem 0x40000000-0xfebfffff] available for PCI devices
[    0.000000] Booting paravirtualized kernel on KVM
[    0.000000] clocksource: refined-jiffies: mask: 0xffffffff max_cycles: 0xffffffff, max_idle_ns: 7645519600211568 ns
[    0.000000] setup_percpu: NR_CPUS:512 nr_cpumask_bits:512 nr_cpu_ids:2 nr_node_ids:1
[    0.000000] PERCPU: Embedded 34 pages/cpu @ffff88003fc00000 s99480 r8192 d31592 u1048576
[    0.000000] Built 1 zonelists in Node order, mobility grouping on.  Total pages: 257912
[    0.000000] Policy zone: DMA32
[    0.000000] Kernel command line: BOOT_IMAGE=/boot/vmlinuz-4.4.0-146-generic root=LABEL=cloudimg-rootfs ro console=tty1 console=ttyS0
[    0.000000] PID hash table entries: 4096 (order: 3, 32768 bytes)
[    0.000000] Memory: 997732K/1048120K available (8609K kernel code, 1334K rwdata, 4028K rodata, 1484K init, 1284K bss, 50388K reserved, 0K cma-reserved)
[    0.000000] SLUB: HWalign=64, Order=0-3, MinObjects=0, CPUs=2, Nodes=1
[    0.000000] Kernel/User page tables isolation: enabled
[    0.000000] Hierarchical RCU implementation.
[    0.000000] 	Build-time adjustment of leaf fanout to 64.
[    0.000000] 	RCU restricting CPUs from NR_CPUS=512 to nr_cpu_ids=2.
[    0.000000] RCU: Adjusting geometry for rcu_fanout_leaf=64, nr_cpu_ids=2
[    0.000000] NR_IRQS:33024 nr_irqs:440 16
[    0.000000] Console: colour VGA+ 80x25
[    0.000000] console [tty1] enabled
[    0.000000] console [ttyS0] enabled
[    0.000000] tsc: Detected 1600.000 MHz processor
[    0.259688] Calibrating delay loop (skipped) preset value.. 3200.00 BogoMIPS (lpj=6400000)
[    0.263149] pid_max: default: 32768 minimum: 301
[    0.265009] ACPI: Core revision 20150930
[    0.267709] ACPI: 2 ACPI AML tables successfully acquired and loaded
[    0.270357] Security Framework initialized
[    0.272032] Yama: becoming mindful.
[    0.273512] AppArmor: AppArmor initialized
[    0.275306] Dentry cache hash table entries: 131072 (order: 8, 1048576 bytes)
[    0.280539] Inode-cache hash table entries: 65536 (order: 7, 524288 bytes)
[    0.283581] Mount-cache hash table entries: 2048 (order: 2, 16384 bytes)
[    0.286241] Mountpoint-cache hash table entries: 2048 (order: 2, 16384 bytes)
[    0.289140] Initializing cgroup subsys io
[    0.291081] Initializing cgroup subsys memory
[    0.292959] Initializing cgroup subsys devices
[    0.294917] Initializing cgroup subsys freezer
[    0.296706] Initializing cgroup subsys net_cls
[    0.298539] Initializing cgroup subsys perf_event
[    0.300727] Initializing cgroup subsys net_prio
[    0.302621] Initializing cgroup subsys hugetlb
[    0.304414] Initializing cgroup subsys pids
[    0.307330] mce: CPU supports 0 MCE banks
[    0.309005] Last level iTLB entries: 4KB 64, 2MB 8, 4MB 8
[    0.311195] Last level dTLB entries: 4KB 64, 2MB 0, 4MB 0, 1GB 4
[    0.313511] Spectre V2 : Mitigation: Full generic retpoline
[    0.315718] Spectre V2 : Spectre v2 / SpectreRSB mitigation: Filling RSB on context switch
[    0.319083] Speculative Store Bypass: Vulnerable
[    0.324424] Freeing SMP alternatives memory: 36K
[    0.333332] ftrace: allocating 32287 entries in 127 pages
[    0.403377] smpboot: APIC(0) Converting physical 0 to logical package 0
[    0.406278] smpboot: Max logical packages: 1
[    0.408328] x2apic enabled
[    0.409845] Switched APIC routing to physical x2apic.
[    0.413145] ..TIMER: vector=0x30 apic1=0 pin1=2 apic2=-1 pin2=-1
[    0.521755] smpboot: CPU0: Intel(R) Core(TM) i5-5250U CPU @ 1.60GHz (family: 0x6, model: 0x3d, stepping: 0x4)
[    0.526177] Performance Events: unsupported p6 CPU model 61 no PMU driver, software events only.
[    0.541760] KVM setup paravirtual spinlock
[    0.544256] x86: Booting SMP configuration:
[    0.546126] .... node  #0, CPUs:      #1
[    0.548043] kvm-clock: cpu 1, msr 0:3ffe3041, secondary cpu clock
[    0.551144] mce: CPU supports 0 MCE banks
[    0.554463] x86: Booted up 1 node, 2 CPUs
[    0.556579] smpboot: Total of 2 processors activated (6400.00 BogoMIPS)
[    0.559862] devtmpfs: initialized
[    0.563105] evm: security.selinux
[    0.564514] evm: security.SMACK64
[    0.566130] evm: security.SMACK64EXEC
[    0.567943] evm: security.SMACK64TRANSMUTE
[    0.569884] evm: security.SMACK64MMAP
[    0.571627] evm: security.ima
[    0.573020] evm: security.capability
[    0.575004] clocksource: jiffies: mask: 0xffffffff max_cycles: 0xffffffff, max_idle_ns: 7645041785100000 ns
[    0.579279] futex hash table entries: 512 (order: 3, 32768 bytes)
[    0.582003] pinctrl core: initialized pinctrl subsystem
[    0.584429] RTC time: 11:22:22, date: 05/31/19
[    0.586562] NET: Registered protocol family 16
[    0.598092] cpuidle: using governor ladder
[    0.610359] cpuidle: using governor menu
[    0.612671] PCCT header not found.
[    0.614553] ACPI: bus type PCI registered
[    0.616268] acpiphp: ACPI Hot Plug PCI Controller Driver version: 0.5
[    0.618946] PCI: Using configuration type 1 for base access
[    0.635469] ACPI: Added _OSI(Module Device)
[    0.638804] ACPI: Added _OSI(Processor Device)
[    0.641697] ACPI: Added _OSI(3.0 _SCP Extensions)
[    0.644491] ACPI: Added _OSI(Processor Aggregator Device)
[    0.647920] ACPI: Executed 1 blocks of module-level executable AML code
[    0.653525] ACPI: Interpreter enabled
[    0.655228] ACPI: (supports S0 S5)
[    0.656804] ACPI: Using IOAPIC for interrupt routing
[    0.659416] PCI: Using host bridge windows from ACPI; if necessary, use "pci=nocrs" and report a bug
[    0.669116] ACPI: PCI Root Bridge [PCI0] (domain 0000 [bus 00-ff])
[    0.671836] acpi PNP0A03:00: _OSC: OS supports [ASPM ClockPM Segments MSI]
[    0.675194] acpi PNP0A03:00: _OSC: not requesting OS control; OS requires [ExtendedConfig ASPM ClockPM MSI]
[    0.679082] acpi PNP0A03:00: fail to add MMCONFIG information, can't access extended PCI configuration space under this bridge.
[    0.684533] PCI host bridge to bus 0000:00
[    0.686259] pci_bus 0000:00: root bus resource [io  0x0000-0x0cf7 window]
[    0.689264] pci_bus 0000:00: root bus resource [io  0x0d00-0xffff window]
[    0.692243] pci_bus 0000:00: root bus resource [mem 0x000a0000-0x000bffff window]
[    0.695709] pci_bus 0000:00: root bus resource [mem 0x40000000-0xfdffffff window]
[    0.698841] pci_bus 0000:00: root bus resource [bus 00-ff]
[    0.705981] pci 0000:00:01.1: legacy IDE quirk: reg 0x10: [io  0x01f0-0x01f7]
[    0.708948] pci 0000:00:01.1: legacy IDE quirk: reg 0x14: [io  0x03f6]
[    0.711735] pci 0000:00:01.1: legacy IDE quirk: reg 0x18: [io  0x0170-0x0177]
[    0.714727] pci 0000:00:01.1: legacy IDE quirk: reg 0x1c: [io  0x0376]
[    0.745517] pci 0000:00:07.0: quirk: [io  0x4000-0x403f] claimed by PIIX4 ACPI
[    0.748785] pci 0000:00:07.0: quirk: [io  0x4100-0x410f] claimed by PIIX4 SMB
[    0.783806] ACPI: PCI Interrupt Link [LNKA] (IRQs 5 9 10 *11)
[    0.788821] ACPI: PCI Interrupt Link [LNKB] (IRQs 5 9 *10 11)
[    0.792848] ACPI: PCI Interrupt Link [LNKC] (IRQs 5 *9 10 11)
[    0.797865] ACPI: PCI Interrupt Link [LNKD] (IRQs 5 9 10 *11)
[    0.804144] ACPI: Enabled 2 GPEs in block 00 to 07
[    0.809552] vgaarb: setting as boot device: PCI:0000:00:02.0
[    0.813709] vgaarb: device added: PCI:0000:00:02.0,decodes=io+mem,owns=io+mem,locks=none
[    0.820270] vgaarb: loaded
[    0.823299] vgaarb: bridge control possible 0000:00:02.0
[    0.829095] SCSI subsystem initialized
[    0.833518] ACPI: bus type USB registered
[    0.837251] usbcore: registered new interface driver usbfs
[    0.842180] usbcore: registered new interface driver hub
[    0.846918] usbcore: registered new device driver usb
[    0.852287] PCI: Using ACPI for IRQ routing
[    0.857864] NetLabel: Initializing
[    0.862894] NetLabel:  domain hash size = 128
[    0.867329] NetLabel:  protocols = UNLABELED CIPSOv4
[    0.876790] NetLabel:  unlabeled traffic allowed by default
[    0.881876] amd_nb: Cannot enumerate AMD northbridges
[    0.886792] clocksource: Switched to clocksource kvm-clock
[    0.903594] AppArmor: AppArmor Filesystem Enabled
[    0.906566] pnp: PnP ACPI init
[    0.910157] pnp: PnP ACPI: found 3 devices
[    0.926311] clocksource: acpi_pm: mask: 0xffffff max_cycles: 0xffffff, max_idle_ns: 2085701024 ns
[    0.930239] NET: Registered protocol family 2
[    0.932377] TCP established hash table entries: 8192 (order: 4, 65536 bytes)
[    0.935295] TCP bind hash table entries: 8192 (order: 5, 131072 bytes)
[    0.937804] TCP: Hash tables configured (established 8192 bind 8192)
[    0.940295] UDP hash table entries: 512 (order: 2, 16384 bytes)
[    0.942887] UDP-Lite hash table entries: 512 (order: 2, 16384 bytes)
[    0.945428] NET: Registered protocol family 1
[    0.947203] pci 0000:00:00.0: Limiting direct PCI/PCI transfers
[    0.949600] pci 0000:00:01.0: Activating ISA DMA hang workarounds
[    0.952310] Unpacking initramfs...
[    1.220582] Freeing initrd memory: 14828K
[    1.223272] RAPL PMU detected, API unit is 2^-32 Joules, 4 fixed counters 10737418240 ms ovfl timer
[    1.227122] hw unit of domain pp0-core 2^-0 Joules
[    1.229674] hw unit of domain package 2^-0 Joules
[    1.231750] hw unit of domain dram 2^-0 Joules
[    1.233681] hw unit of domain pp1-gpu 2^-0 Joules
[    1.235799] platform rtc_cmos: registered platform RTC device (no PNP device found)
[    1.240112] Scanning for low memory corruption every 60 seconds
[    1.243077] audit: initializing netlink subsys (disabled)
[    1.245397] audit: type=2000 audit(1559301748.291:1): initialized
[    1.248757] Initialise system trusted keyring
[    1.251114] HugeTLB registered 2 MB page size, pre-allocated 0 pages
[    1.255790] zbud: loaded
[    1.257483] VFS: Disk quotas dquot_6.6.0
[    1.259345] VFS: Dquot-cache hash table entries: 512 (order 0, 4096 bytes)
[    1.263106] squashfs: version 4.0 (2009/01/31) Phillip Lougher
[    1.265840] fuse init (API version 7.23)
[    1.267699] Key type big_key registered
[    1.270504] Allocating IMA MOK and blacklist keyrings.
[    1.276274] Key type asymmetric registered
[    1.278588] Asymmetric key parser 'x509' registered
[    1.280773] Block layer SCSI generic (bsg) driver version 0.4 loaded (major 249)
[    1.283978] io scheduler noop registered
[    1.286232] io scheduler deadline registered (default)
[    1.288647] io scheduler cfq registered
[    1.290620] pci_hotplug: PCI Hot Plug PCI Core version: 0.5
[    1.293102] pciehp: PCI Express Hot Plug Controller Driver version: 0.4
[    1.297002] ACPI: AC Adapter [AC] (off-line)
[    1.298846] input: Power Button as /devices/LNXSYSTM:00/LNXPWRBN:00/input/input0
[    1.302530] ACPI: Power Button [PWRF]
[    1.304443] input: Sleep Button as /devices/LNXSYSTM:00/LNXSLPBN:00/input/input1
[    1.307473] ACPI: Sleep Button [SLPF]
[    1.312391] ACPI: Battery Slot [BAT0] (battery present)
[    1.314674] GHES: HEST is not enabled!
[    1.316603] Serial: 8250/16550 driver, 32 ports, IRQ sharing enabled
[    1.341044] 00:02: ttyS0 at I/O 0x3f8 (irq = 4, base_baud = 115200) is a 16550A
[    1.345810] Linux agpgart interface v0.103
[    1.350984] loop: module loaded
[    1.353395] scsi host0: ata_piix
[    1.355349] scsi host1: ata_piix
[    1.356871] ata1: PATA max UDMA/33 cmd 0x1f0 ctl 0x3f6 bmdma 0xd000 irq 14
[    1.360332] ata2: PATA max UDMA/33 cmd 0x170 ctl 0x376 bmdma 0xd008 irq 15
[    1.363369] libphy: Fixed MDIO Bus: probed
[    1.365849] tun: Universal TUN/TAP device driver, 1.6
[    1.368374] tun: (C) 1999-2004 Max Krasnyansky <maxk@qualcomm.com>
[    1.371949] PPP generic driver version 2.4.2
[    1.374899] ehci_hcd: USB 2.0 'Enhanced' Host Controller (EHCI) Driver
[    1.378186] ehci-pci: EHCI PCI platform driver
[    1.380441] ehci-platform: EHCI generic platform driver
[    1.383213] ohci_hcd: USB 1.1 'Open' Host Controller (OHCI) Driver
[    1.385744] ohci-pci: OHCI PCI platform driver
[    1.387798] ohci-platform: OHCI generic platform driver
[    1.390815] uhci_hcd: USB Universal Host Controller Interface driver
[    1.394142] i8042: PNP: PS/2 Controller [PNP0303:PS2K,PNP0f03:PS2M] at 0x60,0x64 irq 1,12
[    1.399754] serio: i8042 KBD port at 0x60,0x64 irq 1
[    1.402274] serio: i8042 AUX port at 0x60,0x64 irq 12
[    1.405258] mousedev: PS/2 mouse device common for all mice
[    1.409038] rtc_cmos rtc_cmos: rtc core: registered rtc_cmos as rtc0
[    1.412938] rtc_cmos rtc_cmos: alarms up to one day, 114 bytes nvram
[    1.417295] input: AT Translated Set 2 keyboard as /devices/platform/i8042/serio0/input/input2
[    1.423163] i2c /dev entries driver
[    1.423337] device-mapper: uevent: version 1.0.3
[    1.426942] device-mapper: ioctl: 4.34.0-ioctl (2015-10-28) initialised: dm-devel@redhat.com
[    1.427023] ledtrig-cpu: registered to indicate activity on CPUs
[    1.427778] NET: Registered protocol family 10
[    1.428205] NET: Registered protocol family 17
[    1.428219] Key type dns_resolver registered
[    1.428752] registered taskstats version 1
[    1.428870] Loading compiled-in X.509 certificates
[    1.430301] Loaded X.509 cert 'Build time autogenerated kernel key: 4dcb2dc2c7cf43e0c20c44384f68683c20294489'
[    1.430381] zswap: loaded using pool lzo/zbud
[    1.433305] Key type trusted registered
[    1.439460] Key type encrypted registered
[    1.439469] AppArmor: AppArmor sha1 policy hashing enabled
[    1.439474] ima: No TPM chip found, activating TPM-bypass!
[    1.439482] ima: Allocated hash algorithm: sha1
[    1.439540] evm: HMAC attrs: 0x1
[    1.440679]   Magic number: 3:313:379
[    1.444975] rtc_cmos rtc_cmos: setting system clock to 2019-05-31 11:22:23 UTC (1559301743)
[    1.445133] BIOS EDD facility v0.16 2004-Jun-25, 0 devices found
[    1.445134] EDD information not available.
[    1.881285] Freeing unused kernel memory: 1484K
[    1.919683] Write protecting the kernel read-only data: 14336k
[    1.924651] Freeing unused kernel memory: 1620K
[    1.927243] Freeing unused kernel memory: 68K
Loading, please wait...
starting version 229
[    1.949678] random: systemd-udevd: uninitialized urandom read (16 bytes read, 3 bits of entropy available)
[    1.949877] random: udevadm: uninitialized urandom read (16 bytes read, 3 bits of entropy available)
[    1.949905] random: udevadm: uninitialized urandom read (16 bytes read, 3 bits of entropy available)
[    1.964593] random: udevadm: uninitialized urandom read (16 bytes read, 3 bits of entropy available)
[    1.964660] random: udevadm: uninitialized urandom read (16 bytes read, 3 bits of entropy available)
[    1.964867] random: udevadm: uninitialized urandom read (16 bytes read, 3 bits of entropy available)
[    1.964949] random: udevadm: uninitialized urandom read (16 bytes read, 3 bits of entropy available)
[    1.965026] random: udevadm: uninitialized urandom read (16 bytes read, 3 bits of entropy available)
[    1.965100] random: udevadm: uninitialized urandom read (16 bytes read, 3 bits of entropy available)
[    1.965176] random: udevadm: uninitialized urandom read (16 bytes read, 3 bits of entropy available)
[    2.154500] e1000: Intel(R) PRO/1000 Network Driver - version 7.3.21-k8-NAPI
[    2.157690] e1000: Copyright (c) 1999-2006 Intel Corporation.
[    2.162162] Fusion MPT base driver 3.04.20
[    2.164407] Copyright (c) 1999-2008 LSI Corporation
[    2.172639] Fusion MPT SPI Host driver 3.04.20
[    2.230044] AVX2 version of gcm_enc/dec engaged.
[    2.232741] AES CTR mode by8 optimization enabled
[    2.238977] tsc: Refined TSC clocksource calibration: 1600.490 MHz
[    2.241763] clocksource: tsc: mask: 0xffffffffffffffff max_cycles: 0x1711f3cf6d6, max_idle_ns: 440795244691 ns
[    2.372504] input: ImExPS/2 Generic Explorer Mouse as /devices/platform/i8042/serio1/input/input4
[    2.679171] e1000 0000:00:03.0 eth0: (PCI:33MHz:32-bit) 02:3a:f4:24:e2:72
[    2.681988] e1000 0000:00:03.0 eth0: Intel(R) PRO/1000 Network Connection
[    2.685897] mptbase: ioc0: Initiating bringup
[    2.751627] ioc0: LSI53C1030 A0: Capabilities={Initiator}
[    2.921303] scsi host2: ioc0: LSI53C1030 A0, FwRev=00000000h, Ports=1, MaxQ=256, IRQ=20
[    3.036513] scsi 2:0:0:0: Direct-Access     VBOX     HARDDISK         1.0  PQ: 0 ANSI: 5
[    3.042517] scsi target2:0:0: Beginning Domain Validation
[    3.049633] scsi target2:0:0: Domain Validation skipping write tests
[    3.052439] scsi target2:0:0: Ending Domain Validation
[    3.054559] scsi target2:0:0: asynchronous
[    3.056923] scsi 2:0:1:0: Direct-Access     VBOX     HARDDISK         1.0  PQ: 0 ANSI: 5
[    3.060246] scsi target2:0:1: Beginning Domain Validation
[    3.076294] scsi target2:0:1: Domain Validation skipping write tests
[    3.078886] scsi target2:0:1: Ending Domain Validation
[    3.081219] scsi target2:0:1: asynchronous
[    3.100077] sd 2:0:0:0: Attached scsi generic sg0 type 0
[    3.103194] sd 2:0:0:0: [sda] 20971520 512-byte logical blocks: (10.7 GB/10.0 GiB)
[    3.108153] sd 2:0:1:0: [sdb] 20480 512-byte logical blocks: (10.5 MB/10.0 MiB)
[    3.112651] sd 2:0:1:0: Attached scsi generic sg1 type 0
[    3.117817] sd 2:0:0:0: [sda] Write Protect is off
[    3.123335] sd 2:0:1:0: [sdb] Write Protect is off
[    3.125437] sd 2:0:0:0: [sda] Incomplete mode parameter data
[    3.128011] sd 2:0:0:0: [sda] Assuming drive cache: write through
[    3.131539] sd 2:0:1:0: [sdb] Incomplete mode parameter data
[    3.134469] sd 2:0:1:0: [sdb] Assuming drive cache: write through
[    3.144058]  sda: sda1
[    3.148308] sd 2:0:0:0: [sda] Attached SCSI disk
[    3.152957] sd 2:0:1:0: [sdb] Attached SCSI disk
[    3.608171] e1000 0000:00:08.0 eth1: (PCI:33MHz:32-bit) 08:00:27:dc:0d:ad
[    3.611129] e1000 0000:00:08.0 eth1: Intel(R) PRO/1000 Network Connection
[    3.615398] e1000 0000:00:03.0 enp0s3: renamed from eth0
[    3.624162] e1000 0000:00:08.0 enp0s8: renamed from eth1
Begin: Loading essential drivers ... [    5.017723] md: linear personality registered for level -1
[    5.024055] md: multipath personality registered for level -4
[    5.030119] md: raid0 personality registered for level 0
[    5.039594] md: raid1 personality registered for level 1
[    5.114838] raid6: sse2x1   gen()  8137 MB/s
[    5.183003] raid6: sse2x1   xor()  5785 MB/s
[    5.252383] raid6: sse2x2   gen() 10041 MB/s
[    5.326885] raid6: sse2x2   xor()  6191 MB/s
[    5.398303] raid6: sse2x4   gen() 11904 MB/s
[    5.467279] raid6: sse2x4   xor()  7515 MB/s
[    5.535155] raid6: avx2x1   gen() 14465 MB/s
[    5.602857] raid6: avx2x2   gen()  8441 MB/s
[    5.674856] raid6: avx2x4   gen() 10482 MB/s
[    5.677159] raid6: using algorithm avx2x1 gen() 14465 MB/s
[    5.679733] raid6: using avx2x2 recovery algorithm
[    5.683489] xor: automatically using best checksumming function:
[    5.722926]    avx       : 20925.000 MB/sec
[    5.727107] async_tx: api initialized (async)
[    5.746651] md: raid6 personality registered for level 6
[    5.750466] md: raid5 personality registered for level 5
[    5.753577] md: raid4 personality registered for level 4
[    5.766066] md: raid10 personality registered for level 10
done.
Begin: Running /scripts/init-premount ... done.
Begin: Mounting root file system ... Begin: Running /scripts/local-top ... done.
Begin: Running /scripts/local-premount ... [    5.812844] Btrfs loaded
Scanning for Btrfs filesystems
done.
Warning: fsck not present, so skipping root file system
[    5.853976] EXT4-fs (sda1): mounted filesystem with ordered data mode. Opts: (null)
done.
Begin: Running /scripts/local-bottom ... done.
Begin: Running /scripts/init-bottom ... done.
[    5.997449] systemd[1]: systemd 229 running in system mode. (+PAM +AUDIT +SELINUX +IMA +APPARMOR +SMACK +SYSVINIT +UTMP +LIBCRYPTSETUP +GCRYPT +GNUTLS +ACL +XZ -LZ4 +SECCOMP +BLKID +ELFUTILS +KMOD -IDN)
[    6.005822] systemd[1]: Detected virtualization oracle.
[    6.008469] systemd[1]: Detected architecture x86-64.

Welcome to [1mUbuntu 16.04.6 LTS[0m!

[    6.019237] systemd[1]: Set hostname to <ubuntu>.
[    6.023284] systemd[1]: Initializing machine ID from random generator.
[    6.026329] systemd[1]: Installed transient /etc/machine-id file.
[    6.203461] systemd[1]: Started Trigger resolvconf update for networkd DNS.
[[0;32m  OK  [0m] Started Trigger resolvconf update for networkd DNS.
[    6.209604] systemd[1]: Set up automount Arbitrary Executable File Formats File System Automount Point.
[[0;32m  OK  [0m] Set up automount Arbitrary Executab...ats File System Automount Point.
[    6.217563] systemd[1]: Listening on udev Control Socket.
[[0;32m  OK  [0m] Listening on udev Control Socket.
[    6.223144] systemd[1]: Created slice User and Session Slice.
[[0;32m  OK  [0m] Created slice User and Session Slice.
[    6.228848] systemd[1]: Reached target Encrypted Volumes.
[[0;32m  OK  [0m] Reached target Encrypted Volumes.
[    6.234842] systemd[1]: Listening on Journal Audit Socket.
[[0;32m  OK  [0m] Listening on Journal Audit Socket.
[    6.240216] systemd[1]: Listening on /dev/initctl Compatibility Named Pipe.
[[0;32m  OK  [0m] Listening on /dev/initctl Compatibility Named Pipe.
[    6.246304] systemd[1]: Listening on LVM2 poll daemon socket.
[[0;32m  OK  [0m] Listening on LVM2 poll daemon socket.
[    6.252885] systemd[1]: Reached target Swap.
[[0;32m  OK  [0m] Reached target Swap.
[    6.256861] systemd[1]: Listening on LVM2 metadata daemon socket.
[[0;32m  OK  [0m] Listening on LVM2 metadata daemon socket.
[    6.262174] systemd[1]: Created slice System Slice.
[[0;32m  OK  [0m] Created slice System Slice.
[    6.267343] systemd[1]: Created slice system-serial\x2dgetty.slice.
[[0;32m  OK  [0m] Created slice system-serial\x2dgetty.slice.
[    6.273409] systemd[1]: Reached target System Time Synchronized.
[[0;32m  OK  [0m] Reached target System Time Synchronized.
[    6.278288] systemd[1]: Reached target User and Group Name Lookups.
[[0;32m  OK  [0m] Reached target User and Group Name Lookups.
[    6.284360] systemd[1]: Listening on Syslog Socket.
[[0;32m  OK  [0m] Listening on Syslog Socket.
[    6.288488] systemd[1]: Listening on udev Kernel Socket.
[[0;32m  OK  [0m] Listening on udev Kernel Socket.
[    6.292814] systemd[1]: Listening on Device-mapper event daemon FIFOs.
[[0;32m  OK  [0m] Listening on Device-mapper event daemon FIFOs.
[    6.298130] systemd[1]: Listening on Journal Socket (/dev/log).
[[0;32m  OK  [0m] Listening on Journal Socket (/dev/log).
[    6.304083] systemd[1]: Listening on Journal Socket.
[[0;32m  OK  [0m] Listening on Journal Socket.
[    6.324014] systemd[1]: Starting Load Kernel Modules...
         Starting Load Kernel Modules...
[    6.334782] systemd[1]: Starting Journal Service...
         Starting Journal Service...
[    6.342538] systemd[1]: Starting Nameserver information manager...
         Starting Nameserver information manager...
[    6.352068] Loading iSCSI transport class v2.0-870.
[    6.353003] systemd[1]: Starting Uncomplicated firewall...
         Starting Uncomplicated firewall...
[    6.360712] systemd[1]: Mounting POSIX Message Queue File System...
         Mounting POSIX Message Queue File System...
[    6.371954] systemd[1]: Starting Set console keymap...
         Starting Set console keymap...
[    6.377891] systemd[1]: Mounting Huge Pages File System...
[    6.381119] iscsi: registered transport (tcp)
         Mounting Huge Pages File System...
[    6.386176] systemd[1]: Starting Monitoring of LVM2 mirrors, snapshots etc. using dmeventd or progress polling...
         Starting Monitoring of LVM2 mirrors... dmeventd or progress polling...
[    6.414900] systemd[1]: Mounting Debug File System...
         Mounting Debug File System...
[    6.422431] systemd[1]: Starting Create list of required static device nodes for the current kernel...
         Starting Create list of required st... nodes for the current kernel...
[    6.438227] systemd[1]: Starting Remount Root and Kernel File Systems...
[    6.442912] EXT4-fs (sda1): re-mounted. Opts: (null)
         Starting Remount Root and Kernel File Systems...
[    6.448597] systemd[1]: Reached target Slices.
[[0;32m  OK  [0m] Reached target Slices.
[    6.455691] systemd[1]: Started Forward Password Requests to Wall Directory Watch.
[[0;32m  OK  [0m] Started Forward Password Requests to Wall Directory Watch.
[    6.477587] iscsi: registered transport (iser)
[    6.483880] systemd[1]: Mounted POSIX Message Queue File System.
[[0;32m  OK  [0m] Mounted POSIX Message Queue File System.
[    6.490170] systemd[1]: Mounted Debug File System.
[[0;32m  OK  [0m] Mounted Debug File System.
[    6.495073] systemd[1]: Mounted Huge Pages File System.
[[0;32m  OK  [0m] Mounted Huge Pages File System.
[    6.502699] systemd[1]: Started Journal Service.
[[0;32m  OK  [0m] Started Journal Service.
[[0;32m  OK  [0m] Started Load Kernel Modules.
[[0;32m  OK  [0m] Started Uncomplicated firewall.
[[0;32m  OK  [0m] Started Set console keymap.
[[0;32m  OK  [0m] Started Create list of required sta...ce nodes for the current kernel.
[[0;32m  OK  [0m] Started Remount Root and Kernel File Systems.
[[0;32m  OK  [0m] Started Nameserver information manager.
[[0;32m  OK  [0m] Started LVM2 metadata daemon.
         Starting Load/Save Random Seed...
         Starting udev Coldplug all Devices...
         Starting Create Static Device Nodes in /dev...
         Starting Apply Kernel Variables...
         Mounting FUSE Control File System...
         Starting Flush Journal to Persistent Storage...
[[0;32m  OK  [0m] Mounted FUSE Control File System.
[[0;32m  OK  [0m] Started Load/Save Random Seed.
[    6.663307] random: nonblocking pool is initialized
[[0;32m  OK  [0m] Started Apply Kernel Variables.
[[0;32m  OK  [0m] Started Create Static Device Nodes in /dev.
[[0;32m  OK  [0m] Started Flush Journal to Persistent Storage.
[[0;32m  OK  [0m] Started udev Coldplug all Devices.
         Starting udev Kernel Device Manager...
[[0;32m  OK  [0m] Started Monitoring of LVM2 mirrors,...ng dmeventd or progress polling.
[[0;32m  OK  [0m] Reached target Local File Systems (Pre).
[[0;32m  OK  [0m] Reached target Local File Systems.
         Starting Create Volatile Files and Directories...
         Starting Initial cloud-init job (pre-networking)...
         Starting Set console font and keymap...
         Starting LSB: AppArmor initialization...
         Starting Commit a transient machine-id on disk...
         Starting Tell Plymouth To Write Out Runtime Data...
[[0;32m  OK  [0m] Started udev Kernel Device Manager.
[[0;32m  OK  [0m] Started Create Volatile Files and Directories.
[[0;32m  OK  [0m] Started Commit a transient machine-id on disk.
[[0;32m  OK  [0m] Started Tell Plymouth To Write Out Runtime Data.
         Starting Update UTMP about System Boot/Shutdown...
[[0;32m  OK  [0m] Started Dispatch Password Requests to Console Directory Watch.
[[0;32m  OK  [0m] Started Update UTMP about System Boot/Shutdown.
[[0;32m  OK  [0m] Found device /dev/ttyS0.
[[0;32m  OK  [0m] Listening on Load/Save RF Kill Switch Status /dev/rfkill Watch.
[[0;32m  OK  [0m] Started LSB: AppArmor initialization.
[    8.326385] cloud-init[480]: Cloud-init v. 18.5-45-g3554ffe8-0ubuntu1~16.04.1 running 'init-local' at Fri, 31 May 2019 11:22:30 +0000. Up 7.78 seconds.
[[0;32m  OK  [0m] Started Set console font and keymap.
[[0;32m  OK  [0m] Created slice system-getty.slice.
[[0;32m  OK  [0m] Started Initial cloud-init job (pre-networking).
[[0;32m  OK  [0m] Reached target Network (Pre).
         Starting Raise network interfaces...
[[0;32m  OK  [0m] Started Raise network interfaces.
[[0;32m  OK  [0m] Reached target Network.
         Starting Initial cloud-init job (metadata service crawler)...
[    9.700726] cloud-init[967]: Cloud-init v. 18.5-45-g3554ffe8-0ubuntu1~16.04.1 running 'init' at Fri, 31 May 2019 11:22:31 +0000. Up 9.17 seconds.
[    9.706261] cloud-init[967]: ci-info: ++++++++++++++++++++++++++++++++++++++Net device info+++++++++++++++++++++++++++++++++++++++
[    9.710859] cloud-init[967]: ci-info: +--------+-------+----------------------------+---------------+--------+-------------------+
[    9.715185] cloud-init[967]: ci-info: | Device |   Up  |          Address           |      Mask     | Scope  |     Hw-Address    |
[    9.719804] cloud-init[967]: ci-info: +--------+-------+----------------------------+---------------+--------+-------------------+
[    9.724563] cloud-init[967]: ci-info: | enp0s3 |  True |         10.0.2.15          | 255.255.255.0 | global | 02:3a:f4:24:e2:72 |
[    9.729004] cloud-init[967]: ci-info: | enp0s3 |  True | fe80::3a:f4ff:fe24:e272/64 |       .       |  link  | 02:3a:f4:24:e2:72 |
[    9.733599] cloud-init[967]: ci-info: | enp0s8 | False |             .              |       .       |   .    | 08:00:27:dc:0d:ad |
[    9.738059] cloud-init[967]: ci-info: |   lo   |  True |         127.0.0.1          |   255.0.0.0   |  host  |         .         |
[    9.742531] cloud-init[967]: ci-info: |   lo   |  True |          ::1/128           |       .       |  host  |         .         |
[    9.746867] cloud-init[967]: ci-info: +--------+-------+----------------------------+---------------+--------+-------------------+
[    9.751549] cloud-init[967]: ci-info: +++++++++++++++++++++++++++Route IPv4 info++++++++++++++++++++++++++++
[    9.755554] cloud-init[967]: ci-info: +-------+-------------+----------+---------------+-----------+-------+
[    9.760572] cloud-init[967]: ci-info: | Route | Destination | Gateway  |    Genmask    | Interface | Flags |
[    9.765854] cloud-init[967]: ci-info: +-------+-------------+----------+---------------+-----------+-------+
[    9.770593] cloud-init[967]: ci-info: |   0   |   0.0.0.0   | 10.0.2.2 |    0.0.0.0    |   enp0s3  |   UG  |
[    9.775142] cloud-init[967]: ci-info: |   1   |   10.0.2.0  | 0.0.0.0  | 255.255.255.0 |   enp0s3  |   U   |
[    9.779022] cloud-init[967]: ci-info: +-------+-------------+----------+---------------+-----------+-------+
[    9.783587] cloud-init[967]: ci-info: +++++++++++++++++++Route IPv6 info+++++++++++++++++++
[    9.787303] cloud-init[967]: ci-info: +-------+-------------+---------+-----------+-------+
[    9.791260] cloud-init[967]: ci-info: | Route | Destination | Gateway | Interface | Flags |
[    9.794709] cloud-init[967]: ci-info: +-------+-------------+---------+-----------+-------+
[    9.798065] cloud-init[967]: ci-info: |   0   |  fe80::/64  |    ::   |   enp0s3  |   U   |
[    9.809276] cloud-init[967]: ci-info: |   3   |   ff00::/8  |    ::   |   enp0s3  |   U   |
[    9.813231] cloud-init[967]: ci-info: +-------+-------------+---------+-----------+-------+
[    9.817245] cloud-init[967]: Generating public/private rsa key pair.
[    9.820573] cloud-init[967]: Your identification has been saved in /etc/ssh/ssh_host_rsa_key.
[    9.824420] cloud-init[967]: Your public key has been saved in /etc/ssh/ssh_host_rsa_key.pub.
[    9.828269] cloud-init[967]: The key fingerprint is:
[    9.830792] cloud-init[967]: SHA256:9E8MVrlcPOxQPfATTjV81qtWDh1ySdWgY1WdZKN2Q/A root@ubuntu-xenial
[    9.834832] cloud-init[967]: The key's randomart image is:
[    9.837527] cloud-init[967]: +---[RSA 2048]----+
[    9.839870] cloud-init[967]: |            .BX&%|
[    9.842381] cloud-init[967]: |           .o+&B@|
[    9.844784] cloud-init[967]: |        . o.+B+E=|
[    9.847132] cloud-init[967]: |       . o ++oo+o|
[    9.849514] cloud-init[967]: |        S . o =  |
[    9.851889] cloud-init[967]: |           o o . |
[    9.854307] cloud-init[967]: |            o    |
[    9.856735] cloud-init[967]: |                 |
[    9.859915] cloud-init[967]: |                 |
[    9.862739] cloud-init[967]: +----[SHA256]-----+
[    9.865996] cloud-init[967]: Generating public/private dsa key pair.
[    9.869880] cloud-init[967]: Your identification has been saved in /etc/ssh/ssh_host_dsa_key.
[    9.874379] cloud-init[967]: Your public key has been saved in /etc/ssh/ssh_host_dsa_key.pub.
[    9.879063] cloud-init[967]: The key fingerprint is:
[    9.882035] cloud-init[967]: SHA256:bp2MnssPOV49Ghb4/bhwiv9eY8fEaIWsUzsWTnBigbA root@ubuntu-xenial
[    9.886706] cloud-init[967]: The key's randomart image is:
[    9.889957] cloud-init[967]: +---[DSA 1024]----+
[    9.892796] cloud-init[967]: |        .. .=..  |
[    9.895555] cloud-init[967]: |         ... = . |
[    9.898362] cloud-init[967]: |        E     * .|
[    9.900995] cloud-init[967]: |         .   = * |
[    9.903691] cloud-init[967]: |        S . o B o|
[    9.906658] cloud-init[967]: |       . * = + + |
[    9.909886] cloud-init[967]: |        B X = + o|
[    9.913243] cloud-init[967]: |       = B * * o |
[    9.916253] cloud-init[967]: |        B+=o=..  |
[    9.920062] cloud-init[967]: +----[SHA256]-----+
[    9.925252] cloud-init[967]: Generating public/private ecdsa key pair.
[    9.931223] cloud-init[967]: Your identification has been saved in /etc/ssh/ssh_host_ecdsa_key.
[    9.938534] cloud-init[967]: Your public key has been saved in /etc/ssh/ssh_host_ecdsa_key.pub.
[    9.943877] cloud-init[967]: The key fingerprint is:
[    9.948756] cloud-init[967]: SHA256:Xs/Bdp9OB9K+698it3mM9EN169n+9pHJUWPye7Igu8g root@ubuntu-xenial
[    9.955988] cloud-init[967]: The key's randomart image is:
[    9.960490] cloud-init[967]: +---[ECDSA 256]---+
[    9.964519] cloud-init[967]: |                 |
[    9.969243] cloud-init[967]: |                 |
[    9.975318] cloud-init[967]: |             . o.|
[    9.989158] cloud-init[967]: |           . .+ =|
[    9.990967] cloud-init[967]: |        S . = +o+|
[    9.993820] cloud-init[967]: |       . . + =o=*|
[    9.998149] cloud-init[967]: |        . . +.=%*|
[    9.999301] [[0;32m  OK  [0m] Started Initial cloud-init job (metadata service crawler).
cloud-init[967]: |       . . o..*O@|
[   10.007719] cloud-init[967]: |        E o. +BXX|
[   10.011553] cloud-init[967]: +----[SHA256]-----+
[   10.016619] cloud-init[967]: Generating public/private ed25519 key pair.
[   10.017561] cloud-init[967]: Your identification has been saved in /etc/ssh/ssh_host_ed25519_key.
[   10.022727] cloud-init[967]: Your public key has been saved in /etc/ssh/ssh_host_ed25519_key.pub.
[   10.027739] cloud-init[967]: The key fingerprint is:
[   10.028248] cloud-init[967]: SHA256:9/yPIuOvI2Yg8u3gPa9OGNG6inWZZCccMrYNJhnRBiA root@ubuntu-xenial
[   10.028448] cloud-init[967]: The key's randomart image is:
[   10.028573] cloud-init[967]: +--[ED25519 256]--+
[   10.035260] cloud-init[967]: |E+               |
[   10.037994] cloud-init[967]: |.oo  .           |
[[   10.046417] cloud-init[967]: |o.* o .          |
[   10.046534] cloud-init[967]: | + B +           |
[   10.049061] cloud-init[967]: |  . O . S .      |
[0;32m  OK  [0m] Reached target Cloud-config availability.
[[   10.050221] cloud-init[967]: |  .o.O.  . o     |
[   10.055033] cloud-init[967]: |  .oBo..    o    |
[   10.057553] cloud-init[967]: | o +.+o + + .. . |
[   10.059128] cloud-init[967]: |. . .o=*.oo*..o..|
[   10.061674] cloud-init[967]: +----[SHA256]-----+
[0;32m  OK  [0m] Reached target Network is Online.
         Starting iSCSI initiator daemon (iscsid)...
[[0;32m  OK  [0m] Reached target System Initialization.
[[0;32m  OK  [0m] Listening on ACPID Listen Socket.
         Starting LXD - unix socket.
         Starting Socket activation for snappy daemon.
[[0;32m  OK  [0m] Started Daily apt download activities.
[[0;32m  OK  [0m] Started Daily apt upgrade and clean activities.
[[0;32m  OK  [0m] Listening on UUID daemon activation socket.
[[0;32m  OK  [0m] Listening on D-Bus System Message Bus Socket.
[[0;32m  OK  [0m] Started Daily Cleanup of Temporary Directories.
[[0;32m  OK  [0m] Reached target Timers.
[[0;32m  OK  [0m] Started ACPI Events Check.
[[0;32m  OK  [0m] Reached target Paths.
[[0;32m  OK  [0m] Listening on LXD - unix socket.
[[0;32m  OK  [0m] Listening on Socket activation for snappy daemon.
[[0;32m  OK  [0m] Started iSCSI initiator daemon (iscsid).
         Starting Login to default iSCSI targets...
[[0;32m  OK  [0m] Reached target Sockets.
[[0;32m  OK  [0m] Reached target Basic System.
         Starting Pollinate to seed the pseudo random number generator...
         Starting LSB: Record successful boot for GRUB...
[[0;32m  OK  [0m] Started Deferred execution scheduler.
         Starting /etc/rc.local Compatibility...
[[0;32m  OK  [0m] Started ACPI event daemon.
         Starting Virtualbox guest utils...
[[0;32m  OK  [0m] Started FUSE filesystem for LXC.
         Starting Accounts Service...
[[0;32m  OK  [0m] Started Regular background program processing daemon.
[[0;32m  OK  [0m] Started Unattended Upgrades Shutdown.
[[0;32m  OK  [0m] Started D-Bus System Message Bus.
         Starting LXD - container startup/shutdown...
         Starting System Logging Service...
         Starting Snappy daemon...
         Starting Login Service...
         Starting LSB: MD monitoring daemon...
[[0;32m  OK  [0m] Started /etc/rc.local Compatibility.
[[0;32m  OK  [0m] Started System Logging Service.
[[0;32m  OK  [0m] Started Login to default iSCSI targets.
[[0;32m  OK  [0m] Started LSB: Record successful boot for GRUB.
[[0;32m  OK  [0m] Started Login Service.
         Starting Authenticate and Authorize Users to Run Privileged Tasks...
[[0;32m  OK  [0m] Reached target Remote File Systems (Pre).
[[0;32m  OK  [0m] Reached target Remote File Systems.
         Starting LSB: daemon to balance interrupts for SMP systems...
         Starting LSB: automatic crash report generation...
         Starting Permit User Sessions...
         Starting LSB: Set the CPU Frequency Scaling governor to "ondemand"...
[[0;32m  OK  [0m] Started LSB: MD monitoring daemon.
[[0;32m  OK  [0m] Started Permit User Sessions.
[[0;32m  OK  [0m] Started Authenticate and Authorize Users to Run Privileged Tasks.
[[0;32m  OK  [0m] Started LXD - container startup/shutdown.
[[0;32m  OK  [0m] Started Accounts Service.
         Starting Hold until boot process finishes up...
         Starting Terminate Plymouth Boot Screen...
[[0;32m  OK  [0m] Started LSB: daemon to balance interrupts for SMP systems.
[[0;32m  OK  [0m] Started LSB: automatic crash report generation.
[[0;32m  OK  [0m] Started LSB: Set the CPU Frequency Scaling governor to "ondemand".
[[0;32m  OK  [0m] Started Hold until boot process finishes up.
[[0;32m  OK  [0m] Started Terminate Plymouth Boot Screen.
[[0;32m  OK  [0m] Started Virtualbox guest utils.
[[0;32m  OK  [0m] Started Snappy daemon.
         Starting Wait until snapd is fully seeded...
[[0;32m  OK  [0m] Started Serial Getty on ttyS0.
         Starting Set console scheme...
[[0;32m  OK  [0m] Started Getty on tty1.
[[0;32m  OK  [0m] Reached target Login Prompts.
[[0;32m  OK  [0m] Started Set console scheme.
[[0;32m  OK  [0m] Started Pollinate to seed the pseudo random number generator.
         Starting OpenBSD Secure Shell server...
[[0;32m  OK  [0m] Started OpenBSD Secure Shell server.
[[0;32m  OK  [0m] Started Wait until snapd is fully seeded.
         Starting Apply the settings specified in cloud-config...
[[0;32m  OK  [0m] Reached target Multi-User System.
[[0;32m  OK  [0m] Reached target Graphical Interface.
         Starting Update UTMP about System Runlevel Changes...
[[0;32m  OK  [0m] Started Update UTMP about System Runlevel Changes.
[[0;32m  OK  [0m] Created slice User Slice of vagrant.
         Starting User Manager for UID 1000...
[[0;32m  OK  [0m] Started Session 1 of user vagrant.
[   11.942467] cloud-init[1310]: Generating locales (this might take a while)...
[[0;32m  OK  [0m] Started User Manager for UID 1000.
[   13.244121] cloud-init[1310]:   en_US.UTF-8... done
[   13.253821] cloud-init[1310]: Generation complete.
[   13.847669] cloud-init[1310]: Cloud-init v. 18.5-45-g3554ffe8-0ubuntu1~16.04.1 running 'modules:config' at Fri, 31 May 2019 11:22:34 +0000. Up 11.74 seconds.
[[0;32m  OK  [0m] Started Apply the settings specified in cloud-config.
         Starting Execute cloud user/final scripts...
         Stopping User Manager for UID 1000...
ci-info: no authorized ssh keys fingerprints found for user ubuntu.
[[0;32m  OK  [0m] Stopped User Manager for UID 1000.
[[0;32m  OK  [0m] Removed slice User Slice of vagrant.
<14>May 31 11:22:37 ec2: 
<14>May 31 11:22:37 ec2: #############################################################
<14>May 31 11:22:37 ec2: -----BEGIN SSH HOST KEY FINGERPRINTS-----
<14>May 31 11:22:37 ec2: 1024 SHA256:bp2MnssPOV49Ghb4/bhwiv9eY8fEaIWsUzsWTnBigbA root@ubuntu-xenial (DSA)
<14>May 31 11:22:37 ec2: 256 SHA256:Xs/Bdp9OB9K+698it3mM9EN169n+9pHJUWPye7Igu8g root@ubuntu-xenial (ECDSA)
<14>May 31 11:22:37 ec2: 256 SHA256:9/yPIuOvI2Yg8u3gPa9OGNG6inWZZCccMrYNJhnRBiA root@ubuntu-xenial (ED25519)
<14>May 31 11:22:37 ec2: 2048 SHA256:9E8MVrlcPOxQPfATTjV81qtWDh1ySdWgY1WdZKN2Q/A root@ubuntu-xenial (RSA)
<14>May 31 11:22:37 ec2: -----END SSH HOST KEY FINGERPRINTS-----
<14>May 31 11:22:37 ec2: #############################################################
-----BEGIN SSH HOST KEY KEYS-----
ecdsa-sha2-nistp256 AAAAE2VjZHNhLXNoYTItbmlzdHAyNTYAAAAIbmlzdHAyNTYAAABBBNNYBKSNYBqV/VimwZV8KWJm40dkjSjYJelAQm4uK2ajNHeyvGH6uReq24FYb2Ylmw6q3AHKSQqLVE2rnUn+Odk= root@ubuntu-xenial
ssh-ed25519 AAAAC3NzaC1lZDI1NTE5AAAAIOlbOd+0tG8Hlmr9PDPO9LOHxDWDSJsPoQUNxW01Ki0l root@ubuntu-xenial
ssh-rsa AAAAB3NzaC1yc2EAAAADAQABAAABAQDVgVoCML5jVAI+tmxc+xGXJD0LcE3yuzv7HKmLayurzqth4p/L1SMKPDmkgi7ZWyk903AlHI6Ch1lGH8qKsGWjlUBlbWmN+5rtN6BZ6kPE+nTsBJbDI9r7Ecp126rmhkIYn4LXw7K64pfMjSEUizpfPd7wjtZsScDv6AuEngEDXxZQKWFVOiQB+L1pA1V9ftNKiQV65q9HXvdvKjNq3cCWOv0YV6ka1RV81y+mAIVURNXnHGH8+Cov5rHAM22/Y5l1w/Mk35V8pfPQUIcC5VE/20Vr2BdejsB4FFMDEi89cPkPJDm53dDzZJuM/rGBR3gIcOfKvVTwwU/hqeje0NTJ root@ubuntu-xenial
-----END SSH HOST KEY KEYS-----
[   14.702709] cloud-init[1484]: Cloud-init v. 18.5-45-g3554ffe8-0ubuntu1~16.04.1 running 'modules:final' at Fri, 31 May 2019 11:22:36 +0000. Up 14.34 seconds.
[   14.707741] cloud-init[1484]: ci-info: no authorized ssh keys fingerprints found for user ubuntu.
[   14.713037] cloud-init[1484]: Cloud-init v. 18.5-45-g3554ffe8-0ubuntu1~16.04.1 finished at Fri, 31 May 2019 11:22:37 +0000. Datasource DataSourceNoCloud [seed=/dev/sdb][dsmode=net].  Up 14.69 seconds
[[0;32m  OK  [0m] Started Execute cloud user/final scripts.
[[0;32m  OK  [0m] Reached target Cloud-init target.

Ubuntu 16.04.6 LTS ubuntu-xenial ttyS0

ubuntu-xenial login: 